<?xml version="1.0" encoding="UTF-8"?>
<!-- Generated by org.testng.reporters.JUnitXMLReporter -->
<testsuite ignored="0" hostname="Sandesh" failures="0" tests="4" name="Default test" time="39.565" errors="0" timestamp="2023-01-29T13:48:08 IST">
  <testcase classname="demoProject.GetTitle" name="SubmitForm" time="32.705"/>
  <testcase classname="demoProject.GetTitle" name="OpenBookStoreApplication" time="2.869"/>
  <testcase classname="demoProject.GetTitle" name="PassedTestCase" time="0.003"/>
  <testcase classname="demoProject.GetTitle" name="FailedTestCase" time="0.003"/>
</testsuite> <!-- Default test -->
