<?xml version="1.0" encoding="UTF-8"?>
<!-- Generated by org.testng.reporters.JUnitXMLReporter -->
<testsuite ignored="0" hostname="Sandesh" failures="0" tests="4" name="Test" time="15.227" errors="0" timestamp="2023-01-30T11:53:12 IST">
  <testcase classname="demoProject.GetTitle" name="SubmitForm" time="8.374"/>
  <testcase classname="demoProject.GetTitle" name="OpenBookStoreApplication" time="2.985"/>
  <testcase classname="demoProject.GetTitle" name="PassedTestCase" time="0.004"/>
  <testcase classname="demoProject.GetTitle" name="FailedTestCase" time="0.001"/>
</testsuite> <!-- Test -->
