<?xml version="1.0" encoding="UTF-8"?>
<!-- Generated by org.testng.reporters.JUnitXMLReporter -->
<testsuite ignored="0" hostname="Sandesh" failures="0" tests="4" name="Test" time="17.049" errors="0" timestamp="2023-01-30T11:54:47 IST">
  <testcase classname="demoProject.GetTitle" name="SubmitForm" time="10.616"/>
  <testcase classname="demoProject.GetTitle" name="OpenBookStoreApplication" time="2.835"/>
  <testcase classname="demoProject.GetTitle" name="PassedTestCase" time="0.001"/>
  <testcase classname="demoProject.GetTitle" name="FailedTestCase" time="0.001"/>
</testsuite> <!-- Test -->
