<?xml version="1.0" encoding="UTF-8"?>
<testng-results ignored="0" total="4" passed="4" failed="0" skipped="0">
  <reporter-output>
  </reporter-output>
  <suite started-at="2023-01-29T18:32:39 IST" name="Suite" finished-at="2023-01-29T18:32:54 IST" duration-ms="15676">
    <groups>
    </groups>
    <test started-at="2023-01-29T18:32:39 IST" name="Test" finished-at="2023-01-29T18:32:54 IST" duration-ms="15676">
      <class name="demoProject.GetTitle">
        <test-method is-config="true" signature="LaunchBroswer()[pri:0, instance:demoProject.GetTitle@72d6b3ba]" started-at="2023-01-29T18:32:39 IST" name="LaunchBroswer" finished-at="2023-01-29T18:32:39 IST" duration-ms="146" status="PASS">
          <reporter-output>
          </reporter-output>
        </test-method> <!-- LaunchBroswer -->
        <test-method is-config="true" signature="startTest()[pri:0, instance:demoProject.GetTitle@72d6b3ba]" started-at="2023-01-29T18:32:39 IST" name="startTest" finished-at="2023-01-29T18:32:43 IST" duration-ms="4242" status="PASS">
          <reporter-output>
          </reporter-output>
        </test-method> <!-- startTest -->
        <test-method signature="SubmitForm()[pri:1, instance:demoProject.GetTitle@72d6b3ba]" started-at="2023-01-29T18:32:43 IST" name="SubmitForm" finished-at="2023-01-29T18:32:51 IST" duration-ms="7914" status="PASS">
          <reporter-output>
          </reporter-output>
        </test-method> <!-- SubmitForm -->
        <test-method signature="OpenBookStoreApplication()[pri:2, instance:demoProject.GetTitle@72d6b3ba]" started-at="2023-01-29T18:32:51 IST" name="OpenBookStoreApplication" finished-at="2023-01-29T18:32:54 IST" duration-ms="2949" status="PASS">
          <reporter-output>
          </reporter-output>
        </test-method> <!-- OpenBookStoreApplication -->
        <test-method signature="PassedTestCase()[pri:3, instance:demoProject.GetTitle@72d6b3ba]" started-at="2023-01-29T18:32:54 IST" name="PassedTestCase" finished-at="2023-01-29T18:32:54 IST" duration-ms="1" status="PASS">
          <reporter-output>
          </reporter-output>
        </test-method> <!-- PassedTestCase -->
        <test-method signature="FailedTestCase()[pri:4, instance:demoProject.GetTitle@72d6b3ba]" started-at="2023-01-29T18:32:54 IST" name="FailedTestCase" finished-at="2023-01-29T18:32:54 IST" duration-ms="1" status="PASS">
          <reporter-output>
          </reporter-output>
        </test-method> <!-- FailedTestCase -->
        <test-method is-config="true" signature="endTest()[pri:0, instance:demoProject.GetTitle@72d6b3ba]" started-at="2023-01-29T18:32:54 IST" name="endTest" finished-at="2023-01-29T18:32:54 IST" duration-ms="377" status="PASS">
          <reporter-output>
          </reporter-output>
        </test-method> <!-- endTest -->
      </class> <!-- demoProject.GetTitle -->
    </test> <!-- Test -->
  </suite> <!-- Suite -->
</testng-results>
